<?xml version="1.0" encoding="UTF-8"?>
<!-- Generated by org.testng.reporters.JUnitReportReporter -->
<testsuite skipped="0" hostname="ULTP-478" name="com.rqanrs.qa.testcases.LoginPageTest" tests="3" failures="0" timestamp="20 Dec 2018 05:23:10 GMT" time="23.945" errors="0">
  <testcase name="loginPageTitleTest" time="7.433" classname="com.rqanrs.qa.testcases.LoginPageTest"/>
  <testcase name="loginTest" time="8.713" classname="com.rqanrs.qa.testcases.LoginPageTest"/>
  <testcase name="loginTest" time="7.799" classname="com.rqanrs.qa.testcases.LoginPageTest"/>
</testsuite> <!-- com.rqanrs.qa.testcases.LoginPageTest -->
