<?xml version="1.0" encoding="UTF-8"?>
<!-- Generated by org.testng.reporters.JUnitReportReporter -->
<testsuite skipped="0" hostname="ULTP-478" name="com.rqanrs.qa.testcases.ManageJobsTest" tests="10" failures="0" timestamp="31 Dec 2018 11:07:33 GMT" time="152.014" errors="0">
  <testcase name="automatedJobCreationTest" time="13.056" classname="com.rqanrs.qa.testcases.ManageJobsTest"/>
  <testcase name="manualJobCreationTest" time="12.873" classname="com.rqanrs.qa.testcases.ManageJobsTest"/>
  <testcase name="processJobTest" time="19.883" classname="com.rqanrs.qa.testcases.ManageJobsTest"/>
  <testcase name="refreshManageJobsCorpusTest" time="18.390" classname="com.rqanrs.qa.testcases.ManageJobsTest"/>
  <testcase name="trackJobTest" time="17.631" classname="com.rqanrs.qa.testcases.ManageJobsTest"/>
  <testcase name="downloadTrackerTest" time="12.705" classname="com.rqanrs.qa.testcases.ManageJobsTest"/>
  <testcase name="openingJobTest" time="14.558" classname="com.rqanrs.qa.testcases.ManageJobsTest"/>
  <testcase name="logoutFromManageJobsCorpusTest" time="10.402" classname="com.rqanrs.qa.testcases.ManageJobsTest"/>
  <testcase name="solrRedirectFromManageJobsCorpusTest" time="21.741" classname="com.rqanrs.qa.testcases.ManageJobsTest"/>
  <testcase name="goldClickFromManageJobsCorpusTest" time="10.775" classname="com.rqanrs.qa.testcases.ManageJobsTest"/>
</testsuite> <!-- com.rqanrs.qa.testcases.ManageJobsTest -->
