<?xml version="1.0" encoding="UTF-8"?>
<!-- Generated by org.testng.reporters.JUnitReportReporter -->
<testsuite skipped="0" hostname="ULTP-478" name="com.rqanrs.qa.testcases.LoginPageTest" tests="3" failures="0" timestamp="31 Dec 2018 11:07:33 GMT" time="22.884" errors="0">
  <testcase name="loginPageTitleTest" time="7.011" classname="com.rqanrs.qa.testcases.LoginPageTest"/>
  <testcase name="loginTest" time="8.061" classname="com.rqanrs.qa.testcases.LoginPageTest"/>
  <testcase name="loginTest" time="7.812" classname="com.rqanrs.qa.testcases.LoginPageTest"/>
</testsuite> <!-- com.rqanrs.qa.testcases.LoginPageTest -->
