<?xml version="1.0" encoding="UTF-8"?>
<!-- Generated by org.testng.reporters.JUnitReportReporter -->
<testsuite skipped="0" hostname="ULTP-478" name="com.rqanrs.qa.testcases.OpenJobPageTest" tests="3" failures="0" timestamp="31 Dec 2018 11:07:33 GMT" time="46.648" errors="0">
  <testcase name="backToCorpusFromAnnotatedTabJDTest" time="13.879" classname="com.rqanrs.qa.testcases.OpenJobPageTest"/>
  <testcase name="logoutFromAnnotatedTabJDTest" time="16.022" classname="com.rqanrs.qa.testcases.OpenJobPageTest"/>
  <testcase name="MoveToPipelineFromAnnotatedTabJDTest" time="16.747" classname="com.rqanrs.qa.testcases.OpenJobPageTest"/>
</testsuite> <!-- com.rqanrs.qa.testcases.OpenJobPageTest -->
