<?xml version="1.0" encoding="UTF-8"?>
<!-- Generated by org.testng.reporters.JUnitReportReporter -->
<testsuite skipped="0" hostname="ULTP-478" name="com.rqanrs.qa.testcases.OpenJobPageTest" tests="3" failures="0" timestamp="20 Dec 2018 05:23:10 GMT" time="40.714" errors="0">
  <testcase name="backToCorpusFromAnnotatedTabJDTest" time="13.370" classname="com.rqanrs.qa.testcases.OpenJobPageTest"/>
  <testcase name="logoutFromAnnotatedTabJDTest" time="13.151" classname="com.rqanrs.qa.testcases.OpenJobPageTest"/>
  <testcase name="MoveToPipelineFromAnnotatedTabJDTest" time="14.193" classname="com.rqanrs.qa.testcases.OpenJobPageTest"/>
</testsuite> <!-- com.rqanrs.qa.testcases.OpenJobPageTest -->
