<?xml version="1.0" encoding="UTF-8"?>
<!-- Generated by org.testng.reporters.JUnitReportReporter -->
<testsuite skipped="0" hostname="ULTP-478" name="com.rqanrs.qa.testcases.LoginPageTest" tests="3" failures="0" timestamp="13 Dec 2018 10:52:19 GMT" time="41.292" errors="0">
  <testcase name="loginPageTitleTest" time="10.647" classname="com.rqanrs.qa.testcases.LoginPageTest"/>
  <testcase name="loginTest" time="17.469" classname="com.rqanrs.qa.testcases.LoginPageTest"/>
  <testcase name="loginTest" time="13.176" classname="com.rqanrs.qa.testcases.LoginPageTest"/>
</testsuite> <!-- com.rqanrs.qa.testcases.LoginPageTest -->
