<?xml version="1.0" encoding="UTF-8"?>
<!-- Generated by org.testng.reporters.JUnitReportReporter -->
<testsuite skipped="0" hostname="ULTP-478" name="com.rqanrs.qa.testcases.OpenJobToBeAnnotatedPageTest" tests="7" failures="0" timestamp="31 Dec 2018 11:07:33 GMT" time="202.028" errors="0">
  <testcase name="savingJDTest" time="19.736" classname="com.rqanrs.qa.testcases.OpenJobToBeAnnotatedPageTest"/>
  <testcase name="finishEditingJDTest" time="19.698" classname="com.rqanrs.qa.testcases.OpenJobToBeAnnotatedPageTest"/>
  <testcase name="standardizingJDTest" time="36.529" classname="com.rqanrs.qa.testcases.OpenJobToBeAnnotatedPageTest"/>
  <testcase name="updateJDFormTest" time="83.409" classname="com.rqanrs.qa.testcases.OpenJobToBeAnnotatedPageTest"/>
  <testcase name="backToCorpusFromToBeAnnotatedTabJDTest" time="14.305" classname="com.rqanrs.qa.testcases.OpenJobToBeAnnotatedPageTest"/>
  <testcase name="moveToPipelineFromToBeAnnotatedTabJDTest" time="14.460" classname="com.rqanrs.qa.testcases.OpenJobToBeAnnotatedPageTest"/>
  <testcase name="logoutFromToBeAnnotatedTabJDTest" time="13.891" classname="com.rqanrs.qa.testcases.OpenJobToBeAnnotatedPageTest"/>
</testsuite> <!-- com.rqanrs.qa.testcases.OpenJobToBeAnnotatedPageTest -->
