<?xml version="1.0" encoding="UTF-8"?>
<!-- Generated by org.testng.reporters.JUnitReportReporter -->
<testsuite skipped="0" hostname="ULTP-478" name="com.rqanrs.qa.testcases.ManageResumesPageTest" tests="9" failures="0" timestamp="20 Dec 2018 05:23:10 GMT" time="316.944" errors="0">
  <testcase name="folderUploadTest" time="103.216" classname="com.rqanrs.qa.testcases.ManageResumesPageTest"/>
  <testcase name="singleUploadTest" time="53.378" classname="com.rqanrs.qa.testcases.ManageResumesPageTest"/>
  <testcase name="refreshManageResumesCorpusTest" time="23.154" classname="com.rqanrs.qa.testcases.ManageResumesPageTest"/>
  <testcase name="quickTrackerDownloadTest" time="22.415" classname="com.rqanrs.qa.testcases.ManageResumesPageTest"/>
  <testcase name="suitabilityTrackerDownloadTest" time="22.416" classname="com.rqanrs.qa.testcases.ManageResumesPageTest"/>
  <testcase name="addToTrackerTest" time="22.660" classname="com.rqanrs.qa.testcases.ManageResumesPageTest"/>
  <testcase name="deleteResumeTest" time="23.139" classname="com.rqanrs.qa.testcases.ManageResumesPageTest"/>
  <testcase name="moveToGoldTest" time="23.438" classname="com.rqanrs.qa.testcases.ManageResumesPageTest"/>
  <testcase name="opeingResumeTest" time="23.128" classname="com.rqanrs.qa.testcases.ManageResumesPageTest"/>
</testsuite> <!-- com.rqanrs.qa.testcases.ManageResumesPageTest -->
