<?xml version="1.0" encoding="UTF-8"?>
<!-- Generated by org.testng.reporters.JUnitReportReporter -->
<testsuite skipped="0" hostname="ULTP-478" name="com.rqanrs.qa.testcases.ManageResumesPageTest" tests="9" failures="0" timestamp="31 Dec 2018 11:07:33 GMT" time="367.923" errors="0">
  <testcase name="folderUploadTest" time="109.099" classname="com.rqanrs.qa.testcases.ManageResumesPageTest"/>
  <testcase name="singleUploadTest" time="58.262" classname="com.rqanrs.qa.testcases.ManageResumesPageTest"/>
  <testcase name="refreshManageResumesCorpusTest" time="28.553" classname="com.rqanrs.qa.testcases.ManageResumesPageTest"/>
  <testcase name="quickTrackerDownloadTest" time="28.426" classname="com.rqanrs.qa.testcases.ManageResumesPageTest"/>
  <testcase name="suitabilityTrackerDownloadTest" time="27.769" classname="com.rqanrs.qa.testcases.ManageResumesPageTest"/>
  <testcase name="addToTrackerTest" time="29.151" classname="com.rqanrs.qa.testcases.ManageResumesPageTest"/>
  <testcase name="deleteResumeTest" time="28.642" classname="com.rqanrs.qa.testcases.ManageResumesPageTest"/>
  <testcase name="moveToGoldTest" time="30.485" classname="com.rqanrs.qa.testcases.ManageResumesPageTest"/>
  <testcase name="opeingResumeTest" time="27.536" classname="com.rqanrs.qa.testcases.ManageResumesPageTest"/>
</testsuite> <!-- com.rqanrs.qa.testcases.ManageResumesPageTest -->
