<?xml version="1.0" encoding="UTF-8"?>
<!-- Generated by org.testng.reporters.JUnitReportReporter -->
<testsuite skipped="0" hostname="ULTP-478" name="com.rqanrs.qa.testcases.ManageJobsTest" tests="4" failures="0" timestamp="03 Dec 2018 13:27:54 GMT" time="86.351" errors="0">
  <testcase name="automatedjobTest" time="19.797" classname="com.rqanrs.qa.testcases.ManageJobsTest"/>
  <testcase name="manualJobTest" time="18.961" classname="com.rqanrs.qa.testcases.ManageJobsTest"/>
  <testcase name="processJobTest" time="24.078" classname="com.rqanrs.qa.testcases.ManageJobsTest"/>
  <testcase name="refreshManageJobsCorpus" time="23.515" classname="com.rqanrs.qa.testcases.ManageJobsTest"/>
</testsuite> <!-- com.rqanrs.qa.testcases.ManageJobsTest -->
