<?xml version="1.0" encoding="UTF-8"?>
<!-- Generated by org.testng.reporters.JUnitReportReporter -->
<testsuite skipped="0" hostname="ULTP-478" name="com.rqanrs.qa.testcases.DeletingCreatedTestDataTest" tests="1" failures="0" timestamp="31 Dec 2018 11:07:33 GMT" time="22.620" errors="0">
  <testcase name="deleteTestDataTest" time="22.620" classname="com.rqanrs.qa.testcases.DeletingCreatedTestDataTest"/>
</testsuite> <!-- com.rqanrs.qa.testcases.DeletingCreatedTestDataTest -->
