<?xml version="1.0" encoding="UTF-8"?>
<!-- Generated by org.testng.reporters.JUnitReportReporter -->
<testsuite skipped="0" hostname="ULTP-478" name="com.rqanrs.qa.testcases.ManageJobsTest" tests="8" failures="0" timestamp="20 Dec 2018 05:23:10 GMT" time="114.323" errors="0">
  <testcase name="automatedJobCreationTest" time="13.403" classname="com.rqanrs.qa.testcases.ManageJobsTest"/>
  <testcase name="manualJobCreationTest" time="13.209" classname="com.rqanrs.qa.testcases.ManageJobsTest"/>
  <testcase name="processJobTest" time="19.701" classname="com.rqanrs.qa.testcases.ManageJobsTest"/>
  <testcase name="refreshManageJobsCorpusTest" time="17.732" classname="com.rqanrs.qa.testcases.ManageJobsTest"/>
  <testcase name="trackJobTest" time="12.181" classname="com.rqanrs.qa.testcases.ManageJobsTest"/>
  <testcase name="downloadTrackerTest" time="12.672" classname="com.rqanrs.qa.testcases.ManageJobsTest"/>
  <testcase name="deletingJobTest" time="13.628" classname="com.rqanrs.qa.testcases.ManageJobsTest"/>
  <testcase name="openingJobTest" time="11.797" classname="com.rqanrs.qa.testcases.ManageJobsTest"/>
</testsuite> <!-- com.rqanrs.qa.testcases.ManageJobsTest -->
