<?xml version="1.0" encoding="UTF-8"?>
<!-- Generated by org.testng.reporters.JUnitReportReporter -->
<testsuite skipped="0" hostname="ULTP-478" name="com.rqanrs.qa.testcases.OpenResumeModelHtmlPageTest" tests="7" failures="0" timestamp="31 Dec 2018 11:07:33 GMT" time="287.719" errors="0">
  <testcase name="fillupCandidateInformationTest" time="45.312" classname="com.rqanrs.qa.testcases.OpenResumeModelHtmlPageTest"/>
  <testcase name="fillupMissingInformationTest" time="42.302" classname="com.rqanrs.qa.testcases.OpenResumeModelHtmlPageTest"/>
  <testcase name="backtoCorpusFromModelHtmlTabTest" time="35.698" classname="com.rqanrs.qa.testcases.OpenResumeModelHtmlPageTest"/>
  <testcase name="exportDocumenttoSolrTest" time="42.988" classname="com.rqanrs.qa.testcases.OpenResumeModelHtmlPageTest"/>
  <testcase name="logoutFromModelHtmlTabTest" time="40.602" classname="com.rqanrs.qa.testcases.OpenResumeModelHtmlPageTest"/>
  <testcase name="redirecttosolrFromModelHtmlTabTest" time="39.961" classname="com.rqanrs.qa.testcases.OpenResumeModelHtmlPageTest"/>
  <testcase name="goldClickFromModelHtmlTabTest" time="40.856" classname="com.rqanrs.qa.testcases.OpenResumeModelHtmlPageTest"/>
</testsuite> <!-- com.rqanrs.qa.testcases.OpenResumeModelHtmlPageTest -->
