<?xml version="1.0" encoding="UTF-8"?>
<!-- Generated by org.testng.reporters.JUnitReportReporter -->
<testsuite skipped="0" hostname="ULTP-478" name="com.rqanrs.qa.testcases.OpenJobPageTest" tests="3" failures="0" timestamp="13 Dec 2018 10:52:19 GMT" time="53.475" errors="0">
  <testcase name="backToCorpusFromAnnotatedTabJDTest" time="18.567" classname="com.rqanrs.qa.testcases.OpenJobPageTest"/>
  <testcase name="logoutFromAnnotatedTabJDTest" time="16.209" classname="com.rqanrs.qa.testcases.OpenJobPageTest"/>
  <testcase name="MoveToPipelineFromAnnotatedTabJDTest" time="18.699" classname="com.rqanrs.qa.testcases.OpenJobPageTest"/>
</testsuite> <!-- com.rqanrs.qa.testcases.OpenJobPageTest -->
