<?xml version="1.0" encoding="UTF-8"?>
<!-- Generated by org.testng.reporters.JUnitReportReporter -->
<testsuite skipped="0" hostname="ULTP-478" name="com.rqanrs.qa.testcases.OpenResumePageTest" tests="5" failures="0" timestamp="20 Dec 2018 05:23:10 GMT" time="335.490" errors="0">
  <testcase name="backtoCorpusToBeAnnotatedTabResume" time="30.983" classname="com.rqanrs.qa.testcases.OpenResumePageTest"/>
  <testcase name="deleteAnnotationsToBeAnnotatedTabResume" time="204.422" classname="com.rqanrs.qa.testcases.OpenResumePageTest"/>
  <testcase name="solrRedirectFromTobeAnnotatedTabofResume" time="34.385" classname="com.rqanrs.qa.testcases.OpenResumePageTest"/>
  <testcase name="goldButtonClickFromToBeAnnotatedTabResume" time="32.921" classname="com.rqanrs.qa.testcases.OpenResumePageTest"/>
  <testcase name="logoutFromToBeAnnotatedTabResume" time="32.779" classname="com.rqanrs.qa.testcases.OpenResumePageTest"/>
</testsuite> <!-- com.rqanrs.qa.testcases.OpenResumePageTest -->
