<?xml version="1.0" encoding="UTF-8"?>
<!-- Generated by org.testng.reporters.JUnitReportReporter -->
<testsuite skipped="0" hostname="ULTP-478" name="com.rqanrs.qa.testcases.OpenJobToBeAnnotatedPageTest" tests="7" failures="0" timestamp="20 Dec 2018 05:23:10 GMT" time="191.014" errors="0">
  <testcase name="savingJDTest" time="18.991" classname="com.rqanrs.qa.testcases.OpenJobToBeAnnotatedPageTest"/>
  <testcase name="finishEditingJDTest" time="17.312" classname="com.rqanrs.qa.testcases.OpenJobToBeAnnotatedPageTest"/>
  <testcase name="standardizingJDTest" time="32.840" classname="com.rqanrs.qa.testcases.OpenJobToBeAnnotatedPageTest"/>
  <testcase name="updateJDFormTest" time="82.038" classname="com.rqanrs.qa.testcases.OpenJobToBeAnnotatedPageTest"/>
  <testcase name="backToCorpusFromToBeAnnotatedTabJDTest" time="13.620" classname="com.rqanrs.qa.testcases.OpenJobToBeAnnotatedPageTest"/>
  <testcase name="moveToPipelineFromToBeAnnotatedTabJDTest" time="12.907" classname="com.rqanrs.qa.testcases.OpenJobToBeAnnotatedPageTest"/>
  <testcase name="logoutFromToBeAnnotatedTabJDTest" time="13.306" classname="com.rqanrs.qa.testcases.OpenJobToBeAnnotatedPageTest"/>
</testsuite> <!-- com.rqanrs.qa.testcases.OpenJobToBeAnnotatedPageTest -->
