<?xml version="1.0" encoding="UTF-8"?>
<!-- Generated by org.testng.reporters.JUnitReportReporter -->
<testsuite skipped="0" hostname="ULTP-478" name="com.rqanrs.qa.testcases.LoginPageTest" tests="3" failures="0" timestamp="03 Dec 2018 13:27:54 GMT" time="42.109" errors="0">
  <testcase name="loginPageTitleTest" time="13.597" classname="com.rqanrs.qa.testcases.LoginPageTest"/>
  <testcase name="loginTest" time="14.424" classname="com.rqanrs.qa.testcases.LoginPageTest"/>
  <testcase name="loginTest" time="14.088" classname="com.rqanrs.qa.testcases.LoginPageTest"/>
</testsuite> <!-- com.rqanrs.qa.testcases.LoginPageTest -->
